<?xml version="1.0" encoding="UTF-8"?>
<testng-results skipped="0" failed="1" total="2" passed="1">
  <reporter-output>
  </reporter-output>
  <suite name="TestSuite" duration-ms="13977" started-at="2015-07-01T12:38:34Z" finished-at="2015-07-01T12:38:48Z">
    <groups>
    </groups>
    <test name="ChromeTest" duration-ms="9097" started-at="2015-07-01T12:38:34Z" finished-at="2015-07-01T12:38:43Z">
      <class name="com.testExample.firstTest">
        <test-method status="PASS" signature="setup(java.lang.String)[pri:0, instance:com.testExample.firstTest@1095c6c]" name="setup" is-config="true" duration-ms="5439" started-at="2015-07-01T18:08:34Z" finished-at="2015-07-01T18:08:40Z">
          <params>
            <param index="0">
              <value>
                <![CDATA[Chrome]]>
              </value>
            </param>
          </params>
          <reporter-output>
          </reporter-output>
        </test-method> <!-- setup -->
        <test-method status="FAIL" signature="testAction()[pri:0, instance:com.testExample.firstTest@1095c6c]" name="testAction" duration-ms="2380" started-at="2015-07-01T18:08:40Z" finished-at="2015-07-01T18:08:42Z">
          <exception class="org.openqa.selenium.WebDriverException">
            <message>
              <![CDATA[unknown error: Element is not clickable at point (974, 37). Other element would receive the click: <div id="lean_overlay" style="display: block; opacity: 1;"></div>
  (Session info: chrome=43.0.2357.130)
  (Driver info: chromedriver=2.16.333243 (0bfa1d3575fc1044244f21ddb82bf870944ef961),platform=Windows NT 6.1 x86) (WARNING: The server did not provide any stacktrace information)
Command duration or timeout: 30 milliseconds
Build info: version: '2.44.0', revision: '76d78cf', time: '2014-10-23 20:03:00'
System info: host: 'ada2-PC', ip: '10.129.151.22', os.name: 'Windows 7', os.arch: 'x86', os.version: '6.1', java.version: '1.7.0_79'
Session ID: f4b8394eb67f187417fd5f5296b5a8f9
Driver info: org.openqa.selenium.chrome.ChromeDriver
Capabilities [{platform=XP, acceptSslCerts=true, javascriptEnabled=true, browserName=chrome, chrome={userDataDir=C:\Users\ada2\AppData\Local\Temp\scoped_dir4056_6257}, rotatable=false, locationContextEnabled=true, mobileEmulationEnabled=false, version=43.0.2357.130, takesHeapSnapshot=true, cssSelectorsEnabled=true, databaseEnabled=false, handlesAlerts=true, browserConnectionEnabled=false, webStorageEnabled=true, nativeEvents=true, hasTouchScreen=false, applicationCacheEnabled=false, takesScreenshot=true}]]]>
            </message>
            <full-stacktrace>
              <![CDATA[org.openqa.selenium.WebDriverException: unknown error: Element is not clickable at point (974, 37). Other element would receive the click: <div id="lean_overlay" style="display: block; opacity: 1;"></div>
  (Session info: chrome=43.0.2357.130)
  (Driver info: chromedriver=2.16.333243 (0bfa1d3575fc1044244f21ddb82bf870944ef961),platform=Windows NT 6.1 x86) (WARNING: The server did not provide any stacktrace information)
Command duration or timeout: 30 milliseconds
Build info: version: '2.44.0', revision: '76d78cf', time: '2014-10-23 20:03:00'
System info: host: 'ada2-PC', ip: '10.129.151.22', os.name: 'Windows 7', os.arch: 'x86', os.version: '6.1', java.version: '1.7.0_79'
Session ID: f4b8394eb67f187417fd5f5296b5a8f9
Driver info: org.openqa.selenium.chrome.ChromeDriver
Capabilities [{platform=XP, acceptSslCerts=true, javascriptEnabled=true, browserName=chrome, chrome={userDataDir=C:\Users\ada2\AppData\Local\Temp\scoped_dir4056_6257}, rotatable=false, locationContextEnabled=true, mobileEmulationEnabled=false, version=43.0.2357.130, takesHeapSnapshot=true, cssSelectorsEnabled=true, databaseEnabled=false, handlesAlerts=true, browserConnectionEnabled=false, webStorageEnabled=true, nativeEvents=true, hasTouchScreen=false, applicationCacheEnabled=false, takesScreenshot=true}]
	at sun.reflect.NativeConstructorAccessorImpl.newInstance0(Native Method)
	at sun.reflect.NativeConstructorAccessorImpl.newInstance(Unknown Source)
	at sun.reflect.DelegatingConstructorAccessorImpl.newInstance(Unknown Source)
	at java.lang.reflect.Constructor.newInstance(Unknown Source)
	at org.openqa.selenium.remote.ErrorHandler.createThrowable(ErrorHandler.java:204)
	at org.openqa.selenium.remote.ErrorHandler.throwIfResponseFailed(ErrorHandler.java:156)
	at org.openqa.selenium.remote.RemoteWebDriver.execute(RemoteWebDriver.java:599)
	at org.openqa.selenium.remote.RemoteWebElement.execute(RemoteWebElement.java:268)
	at org.openqa.selenium.remote.RemoteWebElement.click(RemoteWebElement.java:79)
	at com.testExample.firstTest.testAction(firstTest.java:40)
	at sun.reflect.NativeMethodAccessorImpl.invoke0(Native Method)
	at sun.reflect.NativeMethodAccessorImpl.invoke(Unknown Source)
	at sun.reflect.DelegatingMethodAccessorImpl.invoke(Unknown Source)
	at java.lang.reflect.Method.invoke(Unknown Source)
	at org.testng.internal.MethodInvocationHelper.invokeMethod(MethodInvocationHelper.java:84)
	at org.testng.internal.Invoker.invokeMethod(Invoker.java:714)
	at org.testng.internal.Invoker.invokeTestMethod(Invoker.java:901)
	at org.testng.internal.Invoker.invokeTestMethods(Invoker.java:1231)
	at org.testng.internal.TestMethodWorker.invokeTestMethods(TestMethodWorker.java:127)
	at org.testng.internal.TestMethodWorker.run(TestMethodWorker.java:111)
	at org.testng.TestRunner.privateRun(TestRunner.java:767)
	at org.testng.TestRunner.run(TestRunner.java:617)
	at org.testng.SuiteRunner.runTest(SuiteRunner.java:334)
	at org.testng.SuiteRunner.access$000(SuiteRunner.java:37)
	at org.testng.SuiteRunner$SuiteWorker.run(SuiteRunner.java:368)
	at org.testng.internal.thread.ThreadUtil$2.call(ThreadUtil.java:64)
	at java.util.concurrent.FutureTask.run(Unknown Source)
	at java.util.concurrent.ThreadPoolExecutor.runWorker(Unknown Source)
	at java.util.concurrent.ThreadPoolExecutor$Worker.run(Unknown Source)
	at java.lang.Thread.run(Unknown Source)
]]>
            </full-stacktrace>
          </exception> <!-- org.openqa.selenium.WebDriverException -->
          <reporter-output>
          </reporter-output>
        </test-method> <!-- testAction -->
        <test-method status="PASS" signature="aftermethod()[pri:0, instance:com.testExample.firstTest@1095c6c]" name="aftermethod" is-config="true" duration-ms="1260" started-at="2015-07-01T18:08:42Z" finished-at="2015-07-01T18:08:43Z">
          <reporter-output>
          </reporter-output>
        </test-method> <!-- aftermethod -->
      </class> <!-- com.testExample.firstTest -->
    </test> <!-- ChromeTest -->
    <test name="FirefoxTest" duration-ms="13977" started-at="2015-07-01T12:38:34Z" finished-at="2015-07-01T12:38:48Z">
      <class name="com.testExample.firstTest">
        <test-method status="PASS" signature="setup(java.lang.String)[pri:0, instance:com.testExample.firstTest@170c7a3]" name="setup" is-config="true" duration-ms="9903" started-at="2015-07-01T18:08:34Z" finished-at="2015-07-01T18:08:44Z">
          <params>
            <param index="0">
              <value>
                <![CDATA[Firefox]]>
              </value>
            </param>
          </params>
          <reporter-output>
          </reporter-output>
        </test-method> <!-- setup -->
        <test-method status="PASS" signature="testAction()[pri:0, instance:com.testExample.firstTest@170c7a3]" name="testAction" duration-ms="3880" started-at="2015-07-01T18:08:44Z" finished-at="2015-07-01T18:08:48Z">
          <reporter-output>
          </reporter-output>
        </test-method> <!-- testAction -->
        <test-method status="PASS" signature="aftermethod()[pri:0, instance:com.testExample.firstTest@170c7a3]" name="aftermethod" is-config="true" duration-ms="183" started-at="2015-07-01T18:08:48Z" finished-at="2015-07-01T18:08:48Z">
          <reporter-output>
          </reporter-output>
        </test-method> <!-- aftermethod -->
      </class> <!-- com.testExample.firstTest -->
    </test> <!-- FirefoxTest -->
  </suite> <!-- TestSuite -->
</testng-results>
