<?xml version="1.0" encoding="UTF-8"?>
<testng-results skipped="0" failed="0" total="3" passed="3">
  <reporter-output>
  </reporter-output>
  <suite name="TestSuite" duration-ms="23191" started-at="2015-07-08T07:34:04Z" finished-at="2015-07-08T07:34:27Z">
    <groups>
    </groups>
    <test name="FirefoxTest2" duration-ms="12675" started-at="2015-07-08T07:34:04Z" finished-at="2015-07-08T07:34:17Z">
      <class name="com.testExample.alert">
        <test-method status="PASS" signature="before()[pri:0, instance:com.testExample.alert@135bdd3]" name="before" is-config="true" duration-ms="9622" started-at="2015-07-08T13:04:04Z" finished-at="2015-07-08T13:04:14Z">
          <reporter-output>
          </reporter-output>
        </test-method> <!-- before -->
        <test-method status="PASS" signature="testAlert()[pri:0, instance:com.testExample.alert@135bdd3]" name="testAlert" duration-ms="2789" started-at="2015-07-08T13:04:14Z" finished-at="2015-07-08T13:04:17Z">
          <reporter-output>
          </reporter-output>
        </test-method> <!-- testAlert -->
        <test-method status="PASS" signature="after()[pri:0, instance:com.testExample.alert@135bdd3]" name="after" is-config="true" duration-ms="252" started-at="2015-07-08T13:04:17Z" finished-at="2015-07-08T13:04:17Z">
          <reporter-output>
          </reporter-output>
        </test-method> <!-- after -->
      </class> <!-- com.testExample.alert -->
    </test> <!-- FirefoxTest2 -->
    <test name="FirefoxTest1" duration-ms="13428" started-at="2015-07-08T07:34:04Z" finished-at="2015-07-08T07:34:18Z">
      <class name="com.testExample.firstTest">
        <test-method status="PASS" signature="setup(java.lang.String)[pri:0, instance:com.testExample.firstTest@1c9b6eb]" name="setup" is-config="true" duration-ms="8411" started-at="2015-07-08T13:04:04Z" finished-at="2015-07-08T13:04:13Z">
          <params>
            <param index="0">
              <value>
                <![CDATA[Firefox]]>
              </value>
            </param>
          </params>
          <reporter-output>
          </reporter-output>
        </test-method> <!-- setup -->
        <test-method status="PASS" signature="testAction()[pri:0, instance:com.testExample.firstTest@1c9b6eb]" name="testAction" duration-ms="4801" started-at="2015-07-08T13:04:13Z" finished-at="2015-07-08T13:04:17Z">
          <reporter-output>
          </reporter-output>
        </test-method> <!-- testAction -->
        <test-method status="PASS" signature="aftermethod()[pri:0, instance:com.testExample.firstTest@1c9b6eb]" name="aftermethod" is-config="true" duration-ms="205" started-at="2015-07-08T13:04:17Z" finished-at="2015-07-08T13:04:18Z">
          <reporter-output>
          </reporter-output>
        </test-method> <!-- aftermethod -->
      </class> <!-- com.testExample.firstTest -->
    </test> <!-- FirefoxTest1 -->
    <test name="FirefoxTest3" duration-ms="10500" started-at="2015-07-08T07:34:17Z" finished-at="2015-07-08T07:34:27Z">
      <class name="com.testExample.testLoginPage">
        <test-method status="PASS" signature="beforeMethod()[pri:0, instance:com.testExample.testLoginPage@6fe350]" name="beforeMethod" is-config="true" duration-ms="6629" started-at="2015-07-08T13:04:17Z" finished-at="2015-07-08T13:04:23Z">
          <reporter-output>
          </reporter-output>
        </test-method> <!-- beforeMethod -->
        <test-method status="PASS" signature="testLoginPage()[pri:0, instance:com.testExample.testLoginPage@6fe350]" name="testLoginPage" duration-ms="3726" started-at="2015-07-08T13:04:23Z" finished-at="2015-07-08T13:04:27Z">
          <reporter-output>
          </reporter-output>
        </test-method> <!-- testLoginPage -->
        <test-method status="PASS" signature="afterMethod()[pri:0, instance:com.testExample.testLoginPage@6fe350]" name="afterMethod" is-config="true" duration-ms="144" started-at="2015-07-08T13:04:27Z" finished-at="2015-07-08T13:04:27Z">
          <reporter-output>
          </reporter-output>
        </test-method> <!-- afterMethod -->
      </class> <!-- com.testExample.testLoginPage -->
    </test> <!-- FirefoxTest3 -->
  </suite> <!-- TestSuite -->
</testng-results>
