<?xml version="1.0" encoding="UTF-8"?>
<testng-results skipped="0" failed="1" total="3" passed="2">
  <reporter-output>
  </reporter-output>
  <suite name="TestSuite" duration-ms="22941" started-at="2015-07-08T06:39:53Z" finished-at="2015-07-08T06:40:16Z">
    <groups>
    </groups>
    <test name="FirefoxTest2" duration-ms="9654" started-at="2015-07-08T06:39:53Z" finished-at="2015-07-08T06:40:03Z">
      <class name="com.testExample.alert">
        <test-method status="PASS" signature="before()[pri:0, instance:com.testExample.alert@1c83d89]" name="before" is-config="true" duration-ms="4817" started-at="2015-07-08T12:09:53Z" finished-at="2015-07-08T12:09:58Z">
          <reporter-output>
          </reporter-output>
        </test-method> <!-- before -->
        <test-method status="FAIL" signature="testAlert()[pri:0, instance:com.testExample.alert@1c83d89]" name="testAlert" duration-ms="4560" started-at="2015-07-08T12:09:58Z" finished-at="2015-07-08T12:10:03Z">
          <exception class="org.openqa.selenium.NoAlertPresentException">
            <message>
              <![CDATA[No alert is present (WARNING: The server did not provide any stacktrace information)
Command duration or timeout: 2.15 seconds
Build info: version: '2.44.0', revision: '76d78cf', time: '2014-10-23 20:03:00'
System info: host: 'ada2-PC', ip: '10.129.151.22', os.name: 'Windows 7', os.arch: 'x86', os.version: '6.1', java.version: '1.7.0_79'
Session ID: 48759d67-882d-4b45-ba91-a91667e49463
Driver info: org.openqa.selenium.firefox.FirefoxDriver
Capabilities [{platform=WINDOWS, acceptSslCerts=true, javascriptEnabled=true, cssSelectorsEnabled=true, databaseEnabled=true, browserName=firefox, handlesAlerts=true, browserConnectionEnabled=true, nativeEvents=false, webStorageEnabled=true, rotatable=false, locationContextEnabled=true, applicationCacheEnabled=true, takesScreenshot=true, version=13.0.1}]]]>
            </message>
            <full-stacktrace>
              <![CDATA[org.openqa.selenium.NoAlertPresentException: No alert is present (WARNING: The server did not provide any stacktrace information)
Command duration or timeout: 2.15 seconds
Build info: version: '2.44.0', revision: '76d78cf', time: '2014-10-23 20:03:00'
System info: host: 'ada2-PC', ip: '10.129.151.22', os.name: 'Windows 7', os.arch: 'x86', os.version: '6.1', java.version: '1.7.0_79'
Session ID: 48759d67-882d-4b45-ba91-a91667e49463
Driver info: org.openqa.selenium.firefox.FirefoxDriver
Capabilities [{platform=WINDOWS, acceptSslCerts=true, javascriptEnabled=true, cssSelectorsEnabled=true, databaseEnabled=true, browserName=firefox, handlesAlerts=true, browserConnectionEnabled=true, nativeEvents=false, webStorageEnabled=true, rotatable=false, locationContextEnabled=true, applicationCacheEnabled=true, takesScreenshot=true, version=13.0.1}]
	at sun.reflect.NativeConstructorAccessorImpl.newInstance0(Native Method)
	at sun.reflect.NativeConstructorAccessorImpl.newInstance(Unknown Source)
	at sun.reflect.DelegatingConstructorAccessorImpl.newInstance(Unknown Source)
	at java.lang.reflect.Constructor.newInstance(Unknown Source)
	at org.openqa.selenium.remote.ErrorHandler.createThrowable(ErrorHandler.java:204)
	at org.openqa.selenium.remote.ErrorHandler.throwIfResponseFailed(ErrorHandler.java:156)
	at org.openqa.selenium.remote.RemoteWebDriver.execute(RemoteWebDriver.java:599)
	at org.openqa.selenium.remote.RemoteWebDriver.execute(RemoteWebDriver.java:614)
	at org.openqa.selenium.remote.RemoteWebDriver$RemoteTargetLocator.alert(RemoteWebDriver.java:899)
	at com.testExample.alert.testAlert(alert.java:27)
	at sun.reflect.NativeMethodAccessorImpl.invoke0(Native Method)
	at sun.reflect.NativeMethodAccessorImpl.invoke(Unknown Source)
	at sun.reflect.DelegatingMethodAccessorImpl.invoke(Unknown Source)
	at java.lang.reflect.Method.invoke(Unknown Source)
	at org.testng.internal.MethodInvocationHelper.invokeMethod(MethodInvocationHelper.java:84)
	at org.testng.internal.Invoker.invokeMethod(Invoker.java:714)
	at org.testng.internal.Invoker.invokeTestMethod(Invoker.java:901)
	at org.testng.internal.Invoker.invokeTestMethods(Invoker.java:1231)
	at org.testng.internal.TestMethodWorker.invokeTestMethods(TestMethodWorker.java:127)
	at org.testng.internal.TestMethodWorker.run(TestMethodWorker.java:111)
	at org.testng.TestRunner.privateRun(TestRunner.java:767)
	at org.testng.TestRunner.run(TestRunner.java:617)
	at org.testng.SuiteRunner.runTest(SuiteRunner.java:334)
	at org.testng.SuiteRunner.access$000(SuiteRunner.java:37)
	at org.testng.SuiteRunner$SuiteWorker.run(SuiteRunner.java:368)
	at org.testng.internal.thread.ThreadUtil$2.call(ThreadUtil.java:64)
	at java.util.concurrent.FutureTask.run(Unknown Source)
	at java.util.concurrent.ThreadPoolExecutor.runWorker(Unknown Source)
	at java.util.concurrent.ThreadPoolExecutor$Worker.run(Unknown Source)
	at java.lang.Thread.run(Unknown Source)
]]>
            </full-stacktrace>
          </exception> <!-- org.openqa.selenium.NoAlertPresentException -->
          <reporter-output>
          </reporter-output>
        </test-method> <!-- testAlert -->
        <test-method status="PASS" signature="after()[pri:0, instance:com.testExample.alert@1c83d89]" name="after" is-config="true" duration-ms="257" started-at="2015-07-08T12:10:03Z" finished-at="2015-07-08T12:10:03Z">
          <reporter-output>
          </reporter-output>
        </test-method> <!-- after -->
      </class> <!-- com.testExample.alert -->
    </test> <!-- FirefoxTest2 -->
    <test name="FirefoxTest1" duration-ms="17994" started-at="2015-07-08T06:39:53Z" finished-at="2015-07-08T06:40:11Z">
      <class name="com.testExample.firstTest">
        <test-method status="PASS" signature="setup(java.lang.String)[pri:0, instance:com.testExample.firstTest@974e4b]" name="setup" is-config="true" duration-ms="12637" started-at="2015-07-08T12:09:53Z" finished-at="2015-07-08T12:10:06Z">
          <params>
            <param index="0">
              <value>
                <![CDATA[Firefox]]>
              </value>
            </param>
          </params>
          <reporter-output>
          </reporter-output>
        </test-method> <!-- setup -->
        <test-method status="PASS" signature="testAction()[pri:0, instance:com.testExample.firstTest@974e4b]" name="testAction" duration-ms="5052" started-at="2015-07-08T12:10:06Z" finished-at="2015-07-08T12:10:11Z">
          <reporter-output>
          </reporter-output>
        </test-method> <!-- testAction -->
        <test-method status="PASS" signature="aftermethod()[pri:0, instance:com.testExample.firstTest@974e4b]" name="aftermethod" is-config="true" duration-ms="294" started-at="2015-07-08T12:10:11Z" finished-at="2015-07-08T12:10:11Z">
          <reporter-output>
          </reporter-output>
        </test-method> <!-- aftermethod -->
      </class> <!-- com.testExample.firstTest -->
    </test> <!-- FirefoxTest1 -->
    <test name="FirefoxTest3" duration-ms="13268" started-at="2015-07-08T06:40:03Z" finished-at="2015-07-08T06:40:16Z">
      <class name="com.testExample.testLoginPage">
        <test-method status="PASS" signature="beforeMethod()[pri:0, instance:com.testExample.testLoginPage@185b10b]" name="beforeMethod" is-config="true" duration-ms="9199" started-at="2015-07-08T12:10:03Z" finished-at="2015-07-08T12:10:12Z">
          <reporter-output>
          </reporter-output>
        </test-method> <!-- beforeMethod -->
        <test-method status="PASS" signature="testLoginPage()[pri:0, instance:com.testExample.testLoginPage@185b10b]" name="testLoginPage" duration-ms="3831" started-at="2015-07-08T12:10:12Z" finished-at="2015-07-08T12:10:16Z">
          <reporter-output>
          </reporter-output>
        </test-method> <!-- testLoginPage -->
        <test-method status="PASS" signature="afterMethod()[pri:0, instance:com.testExample.testLoginPage@185b10b]" name="afterMethod" is-config="true" duration-ms="237" started-at="2015-07-08T12:10:16Z" finished-at="2015-07-08T12:10:16Z">
          <reporter-output>
          </reporter-output>
        </test-method> <!-- afterMethod -->
      </class> <!-- com.testExample.testLoginPage -->
    </test> <!-- FirefoxTest3 -->
  </suite> <!-- TestSuite -->
</testng-results>
