<?xml version="1.0" encoding="UTF-8"?>
<testng-results skipped="0" failed="0" total="3" passed="3">
  <reporter-output>
  </reporter-output>
  <suite name="TestSuite" duration-ms="21486" started-at="2015-07-08T06:36:17Z" finished-at="2015-07-08T06:36:38Z">
    <groups>
    </groups>
    <test name="FirefoxTest2" duration-ms="8350" started-at="2015-07-08T06:36:17Z" finished-at="2015-07-08T06:36:25Z">
      <class name="com.testExample.alert">
        <test-method status="PASS" signature="before()[pri:0, instance:com.testExample.alert@182600f]" name="before" is-config="true" duration-ms="4547" started-at="2015-07-08T12:06:17Z" finished-at="2015-07-08T12:06:21Z">
          <reporter-output>
          </reporter-output>
        </test-method> <!-- before -->
        <test-method status="PASS" signature="testAlert()[pri:0, instance:com.testExample.alert@182600f]" name="testAlert" duration-ms="3562" started-at="2015-07-08T12:06:21Z" finished-at="2015-07-08T12:06:25Z">
          <reporter-output>
          </reporter-output>
        </test-method> <!-- testAlert -->
        <test-method status="PASS" signature="after()[pri:0, instance:com.testExample.alert@182600f]" name="after" is-config="true" duration-ms="225" started-at="2015-07-08T12:06:25Z" finished-at="2015-07-08T12:06:25Z">
          <reporter-output>
          </reporter-output>
        </test-method> <!-- after -->
      </class> <!-- com.testExample.alert -->
    </test> <!-- FirefoxTest2 -->
    <test name="FirefoxTest1" duration-ms="16844" started-at="2015-07-08T06:36:17Z" finished-at="2015-07-08T06:36:34Z">
      <class name="com.testExample.firstTest">
        <test-method status="PASS" signature="setup(java.lang.String)[pri:0, instance:com.testExample.firstTest@817d6]" name="setup" is-config="true" duration-ms="12039" started-at="2015-07-08T12:06:17Z" finished-at="2015-07-08T12:06:29Z">
          <params>
            <param index="0">
              <value>
                <![CDATA[Firefox]]>
              </value>
            </param>
          </params>
          <reporter-output>
          </reporter-output>
        </test-method> <!-- setup -->
        <test-method status="PASS" signature="testAction()[pri:0, instance:com.testExample.firstTest@817d6]" name="testAction" duration-ms="4362" started-at="2015-07-08T12:06:29Z" finished-at="2015-07-08T12:06:33Z">
          <reporter-output>
          </reporter-output>
        </test-method> <!-- testAction -->
        <test-method status="PASS" signature="aftermethod()[pri:0, instance:com.testExample.firstTest@817d6]" name="aftermethod" is-config="true" duration-ms="428" started-at="2015-07-08T12:06:33Z" finished-at="2015-07-08T12:06:34Z">
          <reporter-output>
          </reporter-output>
        </test-method> <!-- aftermethod -->
      </class> <!-- com.testExample.firstTest -->
    </test> <!-- FirefoxTest1 -->
    <test name="FirefoxTest3" duration-ms="13115" started-at="2015-07-08T06:36:25Z" finished-at="2015-07-08T06:36:38Z">
      <class name="com.testExample.testLoginPage">
        <test-method status="PASS" signature="beforeMethod()[pri:0, instance:com.testExample.testLoginPage@1b4b415]" name="beforeMethod" is-config="true" duration-ms="9179" started-at="2015-07-08T12:06:25Z" finished-at="2015-07-08T12:06:34Z">
          <reporter-output>
          </reporter-output>
        </test-method> <!-- beforeMethod -->
        <test-method status="PASS" signature="testLoginPage()[pri:0, instance:com.testExample.testLoginPage@1b4b415]" name="testLoginPage" duration-ms="3784" started-at="2015-07-08T12:06:34Z" finished-at="2015-07-08T12:06:38Z">
          <reporter-output>
          </reporter-output>
        </test-method> <!-- testLoginPage -->
        <test-method status="PASS" signature="afterMethod()[pri:0, instance:com.testExample.testLoginPage@1b4b415]" name="afterMethod" is-config="true" duration-ms="152" started-at="2015-07-08T12:06:38Z" finished-at="2015-07-08T12:06:38Z">
          <reporter-output>
          </reporter-output>
        </test-method> <!-- afterMethod -->
      </class> <!-- com.testExample.testLoginPage -->
    </test> <!-- FirefoxTest3 -->
  </suite> <!-- TestSuite -->
</testng-results>
