<?xml version="1.0" encoding="UTF-8"?>
<testng-results skipped="0" failed="0" total="3" passed="3">
  <reporter-output>
  </reporter-output>
  <suite name="TestSuite" duration-ms="23356" started-at="2015-07-08T06:42:47Z" finished-at="2015-07-08T06:43:11Z">
    <groups>
    </groups>
    <test name="FirefoxTest2" duration-ms="12883" started-at="2015-07-08T06:42:47Z" finished-at="2015-07-08T06:43:00Z">
      <class name="com.testExample.alert">
        <test-method status="PASS" signature="before()[pri:0, instance:com.testExample.alert@135bdd3]" name="before" is-config="true" duration-ms="9860" started-at="2015-07-08T12:12:47Z" finished-at="2015-07-08T12:12:57Z">
          <reporter-output>
          </reporter-output>
        </test-method> <!-- before -->
        <test-method status="PASS" signature="testAlert()[pri:0, instance:com.testExample.alert@135bdd3]" name="testAlert" duration-ms="2727" started-at="2015-07-08T12:12:57Z" finished-at="2015-07-08T12:13:00Z">
          <reporter-output>
          </reporter-output>
        </test-method> <!-- testAlert -->
        <test-method status="PASS" signature="after()[pri:0, instance:com.testExample.alert@135bdd3]" name="after" is-config="true" duration-ms="275" started-at="2015-07-08T12:13:00Z" finished-at="2015-07-08T12:13:00Z">
          <reporter-output>
          </reporter-output>
        </test-method> <!-- after -->
      </class> <!-- com.testExample.alert -->
    </test> <!-- FirefoxTest2 -->
    <test name="FirefoxTest1" duration-ms="13089" started-at="2015-07-08T06:42:47Z" finished-at="2015-07-08T06:43:01Z">
      <class name="com.testExample.firstTest">
        <test-method status="PASS" signature="setup(java.lang.String)[pri:0, instance:com.testExample.firstTest@1c9b6eb]" name="setup" is-config="true" duration-ms="7698" started-at="2015-07-08T12:12:47Z" finished-at="2015-07-08T12:12:55Z">
          <params>
            <param index="0">
              <value>
                <![CDATA[Firefox]]>
              </value>
            </param>
          </params>
          <reporter-output>
          </reporter-output>
        </test-method> <!-- setup -->
        <test-method status="PASS" signature="testAction()[pri:0, instance:com.testExample.firstTest@1c9b6eb]" name="testAction" duration-ms="5181" started-at="2015-07-08T12:12:55Z" finished-at="2015-07-08T12:13:00Z">
          <reporter-output>
          </reporter-output>
        </test-method> <!-- testAction -->
        <test-method status="PASS" signature="aftermethod()[pri:0, instance:com.testExample.firstTest@1c9b6eb]" name="aftermethod" is-config="true" duration-ms="190" started-at="2015-07-08T12:13:00Z" finished-at="2015-07-08T12:13:01Z">
          <reporter-output>
          </reporter-output>
        </test-method> <!-- aftermethod -->
      </class> <!-- com.testExample.firstTest -->
    </test> <!-- FirefoxTest1 -->
    <test name="FirefoxTest3" duration-ms="10448" started-at="2015-07-08T06:43:00Z" finished-at="2015-07-08T06:43:11Z">
      <class name="com.testExample.testLoginPage">
        <test-method status="PASS" signature="beforeMethod()[pri:0, instance:com.testExample.testLoginPage@6fe350]" name="beforeMethod" is-config="true" duration-ms="6404" started-at="2015-07-08T12:13:00Z" finished-at="2015-07-08T12:13:07Z">
          <reporter-output>
          </reporter-output>
        </test-method> <!-- beforeMethod -->
        <test-method status="PASS" signature="testLoginPage()[pri:0, instance:com.testExample.testLoginPage@6fe350]" name="testLoginPage" duration-ms="3824" started-at="2015-07-08T12:13:07Z" finished-at="2015-07-08T12:13:11Z">
          <reporter-output>
          </reporter-output>
        </test-method> <!-- testLoginPage -->
        <test-method status="PASS" signature="afterMethod()[pri:0, instance:com.testExample.testLoginPage@6fe350]" name="afterMethod" is-config="true" duration-ms="219" started-at="2015-07-08T12:13:11Z" finished-at="2015-07-08T12:13:11Z">
          <reporter-output>
          </reporter-output>
        </test-method> <!-- afterMethod -->
      </class> <!-- com.testExample.testLoginPage -->
    </test> <!-- FirefoxTest3 -->
  </suite> <!-- TestSuite -->
</testng-results>
